[2020-11-26 09:09:13.611+0800] [main] INFO  c.e.library.LibraryApplicationTests [55]- Starting LibraryApplicationTests using Java 1.8.0_241 on DESKTOP-F8LLN01 with PID 7196 (started by ”˙ in E:\codes\eclipse_new\library)
[2020-11-26 09:09:13.641+0800] [main] INFO  c.e.library.LibraryApplicationTests [660]- No active profile set, falling back to default profiles: default
[2020-11-26 09:09:16.310+0800] [main] INFO  o.s.s.c.ThreadPoolTaskExecutor [181]- Initializing ExecutorService 'applicationTaskExecutor'
[2020-11-26 09:09:16.813+0800] [main] INFO  o.s.s.c.ThreadPoolTaskScheduler [181]- Initializing ExecutorService 'taskScheduler'
[2020-11-26 09:09:16.919+0800] [main] INFO  c.e.library.LibraryApplicationTests [61]- Started LibraryApplicationTests in 3.923 seconds (JVM running for 5.182)
[2020-11-26 09:09:17.465+0800] [SpringContextShutdownHook] INFO  o.s.s.c.ThreadPoolTaskScheduler [218]- Shutting down ExecutorService 'taskScheduler'
[2020-11-26 09:09:17.467+0800] [SpringContextShutdownHook] INFO  o.s.s.c.ThreadPoolTaskExecutor [218]- Shutting down ExecutorService 'applicationTaskExecutor'
[2020-11-26 09:42:22.248+0800] [main] INFO  c.example.library.LibraryApplication [55]- Starting LibraryApplication using Java 1.8.0_241 on DESKTOP-F8LLN01 with PID 4704 (E:\codes\eclipse_new\library\target\classes started by ÊÑà in E:\codes\eclipse_new\library)
[2020-11-26 09:42:22.253+0800] [main] INFO  c.example.library.LibraryApplication [660]- No active profile set, falling back to default profiles: default
[2020-11-26 09:42:24.740+0800] [main] INFO  o.s.b.w.e.tomcat.TomcatWebServer [108]- Tomcat initialized with port(s): 8081 (http)
[2020-11-26 09:42:24.757+0800] [main] INFO  o.a.coyote.http11.Http11NioProtocol [173]- Initializing ProtocolHandler ["http-nio-8081"]
[2020-11-26 09:42:24.758+0800] [main] INFO  o.a.catalina.core.StandardService [173]- Starting service [Tomcat]
[2020-11-26 09:42:24.760+0800] [main] INFO  o.a.catalina.core.StandardEngine [173]- Starting Servlet engine: [Apache Tomcat/9.0.39]
[2020-11-26 09:42:24.866+0800] [main] INFO  o.a.c.c.C.[Tomcat].[localhost].[/] [173]- Initializing Spring embedded WebApplicationContext
[2020-11-26 09:42:24.866+0800] [main] INFO  o.s.b.w.s.c.ServletWebServerApplicationContext [289]- Root WebApplicationContext: initialization completed in 2515 ms
[2020-11-26 09:42:25.865+0800] [main] INFO  o.s.s.c.ThreadPoolTaskExecutor [181]- Initializing ExecutorService 'applicationTaskExecutor'
[2020-11-26 09:42:26.139+0800] [main] INFO  o.s.s.c.ThreadPoolTaskScheduler [181]- Initializing ExecutorService 'taskScheduler'
[2020-11-26 09:42:26.176+0800] [main] INFO  o.a.coyote.http11.Http11NioProtocol [173]- Starting ProtocolHandler ["http-nio-8081"]
[2020-11-26 09:42:26.212+0800] [main] INFO  o.s.b.w.e.tomcat.TomcatWebServer [220]- Tomcat started on port(s): 8081 (http) with context path ''
[2020-11-26 09:42:26.231+0800] [main] INFO  c.example.library.LibraryApplication [61]- Started LibraryApplication in 4.646 seconds (JVM running for 5.242)
[2020-11-26 09:42:27.380+0800] [scheduling-1] INFO  com.zaxxer.hikari.HikariDataSource [110]- HikariPool-1 - Starting...
[2020-11-26 09:42:27.692+0800] [scheduling-1] INFO  com.zaxxer.hikari.HikariDataSource [123]- HikariPool-1 - Start completed.
[2020-11-26 09:42:27.759+0800] [scheduling-1] INFO  c.e.library.service.ScheduledTask [29]- 2020-11-26T09:42:27.759Ê∏ÖÁêÜÂÉµÂ∞∏Ë¥¶Êà∑0‰∏™
[2020-11-26 09:42:32.399+0800] [http-nio-8081-exec-1] INFO  o.a.c.c.C.[Tomcat].[localhost].[/] [173]- Initializing Spring DispatcherServlet 'dispatcherServlet'
[2020-11-26 09:42:32.401+0800] [http-nio-8081-exec-1] INFO  o.s.web.servlet.DispatcherServlet [525]- Initializing Servlet 'dispatcherServlet'
[2020-11-26 09:42:32.407+0800] [http-nio-8081-exec-1] INFO  o.s.web.servlet.DispatcherServlet [547]- Completed initialization in 6 ms
[2020-11-26 09:42:35.161+0800] [http-nio-8081-exec-1] INFO  c.e.library.service.MailService [36]- ÈÇÆ‰ª∂Â∑≤ÁªèÂèëÈÄÅ„ÄÇ
[2020-11-26 09:46:02.845+0800] [main] INFO  c.example.library.LibraryApplication [55]- Starting LibraryApplication using Java 1.8.0_241 on DESKTOP-F8LLN01 with PID 8560 (E:\codes\eclipse_new\library\target\classes started by ÊÑà in E:\codes\eclipse_new\library)
[2020-11-26 09:46:02.849+0800] [main] INFO  c.example.library.LibraryApplication [660]- No active profile set, falling back to default profiles: default
[2020-11-26 09:46:04.657+0800] [main] INFO  o.s.b.w.e.tomcat.TomcatWebServer [108]- Tomcat initialized with port(s): 8081 (http)
[2020-11-26 09:46:04.670+0800] [main] INFO  o.a.coyote.http11.Http11NioProtocol [173]- Initializing ProtocolHandler ["http-nio-8081"]
[2020-11-26 09:46:04.671+0800] [main] INFO  o.a.catalina.core.StandardService [173]- Starting service [Tomcat]
[2020-11-26 09:46:04.671+0800] [main] INFO  o.a.catalina.core.StandardEngine [173]- Starting Servlet engine: [Apache Tomcat/9.0.39]
[2020-11-26 09:46:04.759+0800] [main] INFO  o.a.c.c.C.[Tomcat].[localhost].[/] [173]- Initializing Spring embedded WebApplicationContext
[2020-11-26 09:46:04.760+0800] [main] INFO  o.s.b.w.s.c.ServletWebServerApplicationContext [289]- Root WebApplicationContext: initialization completed in 1811 ms
[2020-11-26 09:46:05.697+0800] [main] INFO  o.s.s.c.ThreadPoolTaskExecutor [181]- Initializing ExecutorService 'applicationTaskExecutor'
[2020-11-26 09:46:05.984+0800] [main] INFO  o.s.s.c.ThreadPoolTaskScheduler [181]- Initializing ExecutorService 'taskScheduler'
[2020-11-26 09:46:06.019+0800] [main] INFO  o.a.coyote.http11.Http11NioProtocol [173]- Starting ProtocolHandler ["http-nio-8081"]
[2020-11-26 09:46:06.046+0800] [main] INFO  o.s.b.w.e.tomcat.TomcatWebServer [220]- Tomcat started on port(s): 8081 (http) with context path ''
[2020-11-26 09:46:06.062+0800] [main] INFO  c.example.library.LibraryApplication [61]- Started LibraryApplication in 3.868 seconds (JVM running for 4.43)
[2020-11-26 09:46:07.231+0800] [scheduling-1] INFO  com.zaxxer.hikari.HikariDataSource [110]- HikariPool-1 - Starting...
[2020-11-26 09:46:07.688+0800] [scheduling-1] INFO  com.zaxxer.hikari.HikariDataSource [123]- HikariPool-1 - Start completed.
[2020-11-26 09:46:07.728+0800] [scheduling-1] INFO  c.e.library.service.ScheduledTask [29]- 2020-11-26T09:46:07.726Ê∏ÖÁêÜÂÉµÂ∞∏Ë¥¶Êà∑0‰∏™
[2020-11-26 09:46:11.856+0800] [http-nio-8081-exec-2] INFO  o.a.c.c.C.[Tomcat].[localhost].[/] [173]- Initializing Spring DispatcherServlet 'dispatcherServlet'
[2020-11-26 09:46:11.858+0800] [http-nio-8081-exec-2] INFO  o.s.web.servlet.DispatcherServlet [525]- Initializing Servlet 'dispatcherServlet'
[2020-11-26 09:46:11.859+0800] [http-nio-8081-exec-2] INFO  o.s.web.servlet.DispatcherServlet [547]- Completed initialization in 1 ms
[2020-11-26 09:46:14.319+0800] [http-nio-8081-exec-2] INFO  c.e.library.service.MailService [36]- ÈÇÆ‰ª∂Â∑≤ÁªèÂèëÈÄÅ„ÄÇ
[2020-11-26 10:06:38.960+0800] [main] INFO  c.example.library.LibraryApplication [55]- Starting LibraryApplication using Java 1.8.0_241 on DESKTOP-F8LLN01 with PID 6892 (E:\codes\eclipse_new\library\target\classes started by ÊÑà in E:\codes\eclipse_new\library)
[2020-11-26 10:06:38.964+0800] [main] INFO  c.example.library.LibraryApplication [660]- No active profile set, falling back to default profiles: default
[2020-11-26 10:06:40.787+0800] [main] INFO  o.s.b.w.e.tomcat.TomcatWebServer [108]- Tomcat initialized with port(s): 8081 (http)
[2020-11-26 10:06:40.800+0800] [main] INFO  o.a.coyote.http11.Http11NioProtocol [173]- Initializing ProtocolHandler ["http-nio-8081"]
[2020-11-26 10:06:40.802+0800] [main] INFO  o.a.catalina.core.StandardService [173]- Starting service [Tomcat]
[2020-11-26 10:06:40.802+0800] [main] INFO  o.a.catalina.core.StandardEngine [173]- Starting Servlet engine: [Apache Tomcat/9.0.39]
[2020-11-26 10:06:40.904+0800] [main] INFO  o.a.c.c.C.[Tomcat].[localhost].[/] [173]- Initializing Spring embedded WebApplicationContext
[2020-11-26 10:06:40.904+0800] [main] INFO  o.s.b.w.s.c.ServletWebServerApplicationContext [289]- Root WebApplicationContext: initialization completed in 1833 ms
[2020-11-26 10:06:42.203+0800] [main] INFO  o.s.s.c.ThreadPoolTaskExecutor [181]- Initializing ExecutorService 'applicationTaskExecutor'
[2020-11-26 10:06:42.800+0800] [main] INFO  o.s.s.c.ThreadPoolTaskScheduler [181]- Initializing ExecutorService 'taskScheduler'
[2020-11-26 10:06:42.842+0800] [main] INFO  o.a.coyote.http11.Http11NioProtocol [173]- Starting ProtocolHandler ["http-nio-8081"]
[2020-11-26 10:06:42.876+0800] [main] INFO  o.s.b.w.e.tomcat.TomcatWebServer [220]- Tomcat started on port(s): 8081 (http) with context path ''
[2020-11-26 10:06:42.892+0800] [main] INFO  c.example.library.LibraryApplication [61]- Started LibraryApplication in 4.602 seconds (JVM running for 5.3)
[2020-11-26 10:06:44.046+0800] [scheduling-1] INFO  com.zaxxer.hikari.HikariDataSource [110]- HikariPool-1 - Starting...
[2020-11-26 10:06:44.346+0800] [scheduling-1] INFO  com.zaxxer.hikari.HikariDataSource [123]- HikariPool-1 - Start completed.
[2020-11-26 10:06:44.375+0800] [scheduling-1] INFO  c.e.library.service.ScheduledTask [29]- 2020-11-26T10:06:44.375Ê∏ÖÁêÜÂÉµÂ∞∏Ë¥¶Êà∑0‰∏™
[2020-11-26 10:07:39.635+0800] [http-nio-8081-exec-1] INFO  o.a.c.c.C.[Tomcat].[localhost].[/] [173]- Initializing Spring DispatcherServlet 'dispatcherServlet'
[2020-11-26 10:07:39.636+0800] [http-nio-8081-exec-1] INFO  o.s.web.servlet.DispatcherServlet [525]- Initializing Servlet 'dispatcherServlet'
[2020-11-26 10:07:39.640+0800] [http-nio-8081-exec-1] INFO  o.s.web.servlet.DispatcherServlet [547]- Completed initialization in 4 ms
[2020-11-26 10:07:42.074+0800] [http-nio-8081-exec-1] INFO  c.e.library.service.MailService [36]- ÈÇÆ‰ª∂Â∑≤ÁªèÂèëÈÄÅ„ÄÇ
[2020-11-26 10:10:29.903+0800] [http-nio-8081-exec-6] INFO  c.e.library.service.MailService [36]- ÈÇÆ‰ª∂Â∑≤ÁªèÂèëÈÄÅ„ÄÇ
[2020-11-26 10:15:34.398+0800] [main] INFO  c.example.library.LibraryApplication [55]- Starting LibraryApplication using Java 1.8.0_241 on DESKTOP-F8LLN01 with PID 4320 (E:\codes\eclipse_new\library\target\classes started by ÊÑà in E:\codes\eclipse_new\library)
[2020-11-26 10:15:34.404+0800] [main] INFO  c.example.library.LibraryApplication [660]- No active profile set, falling back to default profiles: default
[2020-11-26 10:15:36.450+0800] [main] INFO  o.s.b.w.e.tomcat.TomcatWebServer [108]- Tomcat initialized with port(s): 8081 (http)
[2020-11-26 10:15:36.462+0800] [main] INFO  o.a.coyote.http11.Http11NioProtocol [173]- Initializing ProtocolHandler ["http-nio-8081"]
[2020-11-26 10:15:36.463+0800] [main] INFO  o.a.catalina.core.StandardService [173]- Starting service [Tomcat]
[2020-11-26 10:15:36.464+0800] [main] INFO  o.a.catalina.core.StandardEngine [173]- Starting Servlet engine: [Apache Tomcat/9.0.39]
[2020-11-26 10:15:36.559+0800] [main] INFO  o.a.c.c.C.[Tomcat].[localhost].[/] [173]- Initializing Spring embedded WebApplicationContext
[2020-11-26 10:15:36.560+0800] [main] INFO  o.s.b.w.s.c.ServletWebServerApplicationContext [289]- Root WebApplicationContext: initialization completed in 2033 ms
[2020-11-26 10:15:37.586+0800] [main] INFO  o.s.s.c.ThreadPoolTaskExecutor [181]- Initializing ExecutorService 'applicationTaskExecutor'
[2020-11-26 10:15:37.876+0800] [main] INFO  o.s.s.c.ThreadPoolTaskScheduler [181]- Initializing ExecutorService 'taskScheduler'
[2020-11-26 10:15:37.914+0800] [main] INFO  o.a.coyote.http11.Http11NioProtocol [173]- Starting ProtocolHandler ["http-nio-8081"]
[2020-11-26 10:15:37.942+0800] [main] INFO  o.s.b.w.e.tomcat.TomcatWebServer [220]- Tomcat started on port(s): 8081 (http) with context path ''
[2020-11-26 10:15:37.960+0800] [main] INFO  c.example.library.LibraryApplication [61]- Started LibraryApplication in 4.209 seconds (JVM running for 4.81)
[2020-11-26 10:15:39.121+0800] [scheduling-1] INFO  com.zaxxer.hikari.HikariDataSource [110]- HikariPool-1 - Starting...
[2020-11-26 10:15:39.410+0800] [scheduling-1] INFO  com.zaxxer.hikari.HikariDataSource [123]- HikariPool-1 - Start completed.
[2020-11-26 10:15:39.463+0800] [scheduling-1] INFO  c.e.library.service.ScheduledTask [29]- 2020-11-26T10:15:39.463Ê∏ÖÁêÜÂÉµÂ∞∏Ë¥¶Êà∑0‰∏™
[2020-11-26 10:15:47.451+0800] [http-nio-8081-exec-1] INFO  o.a.c.c.C.[Tomcat].[localhost].[/] [173]- Initializing Spring DispatcherServlet 'dispatcherServlet'
[2020-11-26 10:15:47.452+0800] [http-nio-8081-exec-1] INFO  o.s.web.servlet.DispatcherServlet [525]- Initializing Servlet 'dispatcherServlet'
[2020-11-26 10:15:47.453+0800] [http-nio-8081-exec-1] INFO  o.s.web.servlet.DispatcherServlet [547]- Completed initialization in 1 ms
[2020-11-26 10:15:49.679+0800] [http-nio-8081-exec-1] INFO  c.e.library.service.MailService [36]- ÈÇÆ‰ª∂Â∑≤ÁªèÂèëÈÄÅ„ÄÇ
[2020-11-26 10:56:05.540+0800] [main] INFO  c.example.library.LibraryApplication [55]- Starting LibraryApplication using Java 1.8.0_241 on DESKTOP-F8LLN01 with PID 11640 (E:\codes\eclipse_new\library\target\classes started by ÊÑà in E:\codes\eclipse_new\library)
[2020-11-26 10:56:05.546+0800] [main] INFO  c.example.library.LibraryApplication [660]- No active profile set, falling back to default profiles: default
[2020-11-26 10:56:07.594+0800] [main] INFO  o.s.b.w.e.tomcat.TomcatWebServer [108]- Tomcat initialized with port(s): 8081 (http)
[2020-11-26 10:56:07.621+0800] [main] INFO  o.a.coyote.http11.Http11NioProtocol [173]- Initializing ProtocolHandler ["http-nio-8081"]
[2020-11-26 10:56:07.622+0800] [main] INFO  o.a.catalina.core.StandardService [173]- Starting service [Tomcat]
[2020-11-26 10:56:07.623+0800] [main] INFO  o.a.catalina.core.StandardEngine [173]- Starting Servlet engine: [Apache Tomcat/9.0.39]
[2020-11-26 10:56:07.722+0800] [main] INFO  o.a.c.c.C.[Tomcat].[localhost].[/] [173]- Initializing Spring embedded WebApplicationContext
[2020-11-26 10:56:07.723+0800] [main] INFO  o.s.b.w.s.c.ServletWebServerApplicationContext [289]- Root WebApplicationContext: initialization completed in 2080 ms
[2020-11-26 10:56:08.881+0800] [main] INFO  o.s.s.c.ThreadPoolTaskExecutor [181]- Initializing ExecutorService 'applicationTaskExecutor'
[2020-11-26 10:56:09.169+0800] [main] INFO  o.s.s.c.ThreadPoolTaskScheduler [181]- Initializing ExecutorService 'taskScheduler'
[2020-11-26 10:56:09.213+0800] [main] INFO  o.a.coyote.http11.Http11NioProtocol [173]- Starting ProtocolHandler ["http-nio-8081"]
[2020-11-26 10:56:09.246+0800] [main] INFO  o.s.b.w.e.tomcat.TomcatWebServer [220]- Tomcat started on port(s): 8081 (http) with context path ''
[2020-11-26 10:56:09.266+0800] [main] INFO  c.example.library.LibraryApplication [61]- Started LibraryApplication in 4.421 seconds (JVM running for 5.033)
[2020-11-26 10:56:10.371+0800] [scheduling-1] INFO  com.zaxxer.hikari.HikariDataSource [110]- HikariPool-1 - Starting...
[2020-11-26 10:56:10.641+0800] [scheduling-1] INFO  com.zaxxer.hikari.HikariDataSource [123]- HikariPool-1 - Start completed.
[2020-11-26 10:56:10.669+0800] [scheduling-1] INFO  c.e.library.service.ScheduledTask [29]- 2020-11-26T10:56:10.669Ê∏ÖÁêÜÂÉµÂ∞∏Ë¥¶Êà∑0‰∏™
[2020-11-26 10:57:03.294+0800] [http-nio-8081-exec-2] INFO  o.a.c.c.C.[Tomcat].[localhost].[/] [173]- Initializing Spring DispatcherServlet 'dispatcherServlet'
[2020-11-26 10:57:03.295+0800] [http-nio-8081-exec-2] INFO  o.s.web.servlet.DispatcherServlet [525]- Initializing Servlet 'dispatcherServlet'
[2020-11-26 10:57:03.301+0800] [http-nio-8081-exec-2] INFO  o.s.web.servlet.DispatcherServlet [547]- Completed initialization in 5 ms
[2020-11-26 11:44:25.120+0800] [main] INFO  c.example.library.LibraryApplication [55]- Starting LibraryApplication using Java 1.8.0_241 on DESKTOP-F8LLN01 with PID 13596 (E:\codes\eclipse_new\library\target\classes started by ÊÑà in E:\codes\eclipse_new\library)
[2020-11-26 11:44:25.125+0800] [main] INFO  c.example.library.LibraryApplication [660]- No active profile set, falling back to default profiles: default
[2020-11-26 11:44:27.003+0800] [main] INFO  o.s.b.w.e.tomcat.TomcatWebServer [108]- Tomcat initialized with port(s): 8081 (http)
[2020-11-26 11:44:27.026+0800] [main] INFO  o.a.coyote.http11.Http11NioProtocol [173]- Initializing ProtocolHandler ["http-nio-8081"]
[2020-11-26 11:44:27.027+0800] [main] INFO  o.a.catalina.core.StandardService [173]- Starting service [Tomcat]
[2020-11-26 11:44:27.028+0800] [main] INFO  o.a.catalina.core.StandardEngine [173]- Starting Servlet engine: [Apache Tomcat/9.0.39]
[2020-11-26 11:44:27.112+0800] [main] INFO  o.a.c.c.C.[Tomcat].[localhost].[/] [173]- Initializing Spring embedded WebApplicationContext
[2020-11-26 11:44:27.112+0800] [main] INFO  o.s.b.w.s.c.ServletWebServerApplicationContext [289]- Root WebApplicationContext: initialization completed in 1859 ms
[2020-11-26 11:44:28.901+0800] [main] INFO  o.s.s.c.ThreadPoolTaskExecutor [181]- Initializing ExecutorService 'applicationTaskExecutor'
[2020-11-26 11:44:29.183+0800] [main] INFO  o.s.s.c.ThreadPoolTaskScheduler [181]- Initializing ExecutorService 'taskScheduler'
[2020-11-26 11:44:29.215+0800] [main] INFO  o.a.coyote.http11.Http11NioProtocol [173]- Starting ProtocolHandler ["http-nio-8081"]
[2020-11-26 11:44:29.248+0800] [main] INFO  o.s.b.w.e.tomcat.TomcatWebServer [220]- Tomcat started on port(s): 8081 (http) with context path ''
[2020-11-26 11:44:29.266+0800] [main] INFO  c.example.library.LibraryApplication [61]- Started LibraryApplication in 4.836 seconds (JVM running for 5.51)
[2020-11-26 11:44:30.328+0800] [scheduling-1] INFO  com.zaxxer.hikari.HikariDataSource [110]- HikariPool-1 - Starting...
[2020-11-26 11:44:30.563+0800] [scheduling-1] INFO  com.zaxxer.hikari.HikariDataSource [123]- HikariPool-1 - Start completed.
[2020-11-26 11:44:30.585+0800] [scheduling-1] INFO  c.e.library.service.ScheduledTask [29]- 2020-11-26T11:44:30.585Ê∏ÖÁêÜÂÉµÂ∞∏Ë¥¶Êà∑0‰∏™
[2020-11-26 11:45:22.820+0800] [http-nio-8081-exec-2] INFO  o.a.c.c.C.[Tomcat].[localhost].[/] [173]- Initializing Spring DispatcherServlet 'dispatcherServlet'
[2020-11-26 11:45:22.820+0800] [http-nio-8081-exec-2] INFO  o.s.web.servlet.DispatcherServlet [525]- Initializing Servlet 'dispatcherServlet'
[2020-11-26 11:45:22.822+0800] [http-nio-8081-exec-2] INFO  o.s.web.servlet.DispatcherServlet [547]- Completed initialization in 2 ms
[2020-11-26 11:46:05.222+0800] [http-nio-8081-exec-8] INFO  c.e.library.service.MailService [36]- ÈÇÆ‰ª∂Â∑≤ÁªèÂèëÈÄÅ„ÄÇ
[2020-11-26 11:49:58.455+0800] [main] INFO  c.example.library.LibraryApplication [55]- Starting LibraryApplication using Java 1.8.0_241 on DESKTOP-F8LLN01 with PID 13532 (E:\codes\eclipse_new\library\target\classes started by ÊÑà in E:\codes\eclipse_new\library)
[2020-11-26 11:49:58.459+0800] [main] INFO  c.example.library.LibraryApplication [660]- No active profile set, falling back to default profiles: default
[2020-11-26 11:50:00.260+0800] [main] INFO  o.s.b.w.e.tomcat.TomcatWebServer [108]- Tomcat initialized with port(s): 8081 (http)
[2020-11-26 11:50:00.275+0800] [main] INFO  o.a.coyote.http11.Http11NioProtocol [173]- Initializing ProtocolHandler ["http-nio-8081"]
[2020-11-26 11:50:00.276+0800] [main] INFO  o.a.catalina.core.StandardService [173]- Starting service [Tomcat]
[2020-11-26 11:50:00.277+0800] [main] INFO  o.a.catalina.core.StandardEngine [173]- Starting Servlet engine: [Apache Tomcat/9.0.39]
[2020-11-26 11:50:00.428+0800] [main] INFO  o.a.c.c.C.[Tomcat].[localhost].[/] [173]- Initializing Spring embedded WebApplicationContext
[2020-11-26 11:50:00.429+0800] [main] INFO  o.s.b.w.s.c.ServletWebServerApplicationContext [289]- Root WebApplicationContext: initialization completed in 1869 ms
[2020-11-26 11:50:01.980+0800] [main] INFO  o.s.s.c.ThreadPoolTaskExecutor [181]- Initializing ExecutorService 'applicationTaskExecutor'
[2020-11-26 11:50:02.271+0800] [main] INFO  o.s.s.c.ThreadPoolTaskScheduler [181]- Initializing ExecutorService 'taskScheduler'
[2020-11-26 11:50:02.311+0800] [main] INFO  o.a.coyote.http11.Http11NioProtocol [173]- Starting ProtocolHandler ["http-nio-8081"]
[2020-11-26 11:50:02.348+0800] [main] INFO  o.s.b.w.e.tomcat.TomcatWebServer [220]- Tomcat started on port(s): 8081 (http) with context path ''
[2020-11-26 11:50:02.371+0800] [main] INFO  c.example.library.LibraryApplication [61]- Started LibraryApplication in 4.602 seconds (JVM running for 5.155)
[2020-11-26 11:50:03.436+0800] [scheduling-1] INFO  com.zaxxer.hikari.HikariDataSource [110]- HikariPool-1 - Starting...
[2020-11-26 11:50:03.682+0800] [scheduling-1] INFO  com.zaxxer.hikari.HikariDataSource [123]- HikariPool-1 - Start completed.
[2020-11-26 11:50:03.712+0800] [scheduling-1] INFO  c.e.library.service.ScheduledTask [29]- 2020-11-26T11:50:03.712Ê∏ÖÁêÜÂÉµÂ∞∏Ë¥¶Êà∑1‰∏™
[2020-11-26 11:50:09.641+0800] [http-nio-8081-exec-1] INFO  o.a.c.c.C.[Tomcat].[localhost].[/] [173]- Initializing Spring DispatcherServlet 'dispatcherServlet'
[2020-11-26 11:50:09.642+0800] [http-nio-8081-exec-1] INFO  o.s.web.servlet.DispatcherServlet [525]- Initializing Servlet 'dispatcherServlet'
[2020-11-26 11:50:09.643+0800] [http-nio-8081-exec-1] INFO  o.s.web.servlet.DispatcherServlet [547]- Completed initialization in 1 ms
[2020-11-26 11:52:22.887+0800] [main] INFO  c.example.library.LibraryApplication [55]- Starting LibraryApplication using Java 1.8.0_241 on DESKTOP-F8LLN01 with PID 13760 (E:\codes\eclipse_new\library\target\classes started by ÊÑà in E:\codes\eclipse_new\library)
[2020-11-26 11:52:22.892+0800] [main] INFO  c.example.library.LibraryApplication [660]- No active profile set, falling back to default profiles: default
[2020-11-26 11:52:24.756+0800] [main] INFO  o.s.b.w.e.tomcat.TomcatWebServer [108]- Tomcat initialized with port(s): 8081 (http)
[2020-11-26 11:52:24.768+0800] [main] INFO  o.a.coyote.http11.Http11NioProtocol [173]- Initializing ProtocolHandler ["http-nio-8081"]
[2020-11-26 11:52:24.769+0800] [main] INFO  o.a.catalina.core.StandardService [173]- Starting service [Tomcat]
[2020-11-26 11:52:24.769+0800] [main] INFO  o.a.catalina.core.StandardEngine [173]- Starting Servlet engine: [Apache Tomcat/9.0.39]
[2020-11-26 11:52:24.856+0800] [main] INFO  o.a.c.c.C.[Tomcat].[localhost].[/] [173]- Initializing Spring embedded WebApplicationContext
[2020-11-26 11:52:24.857+0800] [main] INFO  o.s.b.w.s.c.ServletWebServerApplicationContext [289]- Root WebApplicationContext: initialization completed in 1866 ms
[2020-11-26 11:52:25.845+0800] [main] INFO  o.s.s.c.ThreadPoolTaskExecutor [181]- Initializing ExecutorService 'applicationTaskExecutor'
[2020-11-26 11:52:26.125+0800] [main] INFO  o.s.s.c.ThreadPoolTaskScheduler [181]- Initializing ExecutorService 'taskScheduler'
[2020-11-26 11:52:26.185+0800] [main] INFO  o.a.coyote.http11.Http11NioProtocol [173]- Starting ProtocolHandler ["http-nio-8081"]
[2020-11-26 11:52:26.218+0800] [main] INFO  o.s.b.w.e.tomcat.TomcatWebServer [220]- Tomcat started on port(s): 8081 (http) with context path ''
[2020-11-26 11:52:26.245+0800] [main] INFO  c.example.library.LibraryApplication [61]- Started LibraryApplication in 4.022 seconds (JVM running for 4.607)
[2020-11-26 11:52:27.304+0800] [scheduling-1] INFO  com.zaxxer.hikari.HikariDataSource [110]- HikariPool-1 - Starting...
[2020-11-26 11:52:27.536+0800] [scheduling-1] INFO  com.zaxxer.hikari.HikariDataSource [123]- HikariPool-1 - Start completed.
[2020-11-26 11:52:27.557+0800] [scheduling-1] INFO  c.e.library.service.ScheduledTask [29]- 2020-11-26T11:52:27.557Ê∏ÖÁêÜÂÉµÂ∞∏Ë¥¶Êà∑0‰∏™
[2020-11-26 11:52:51.822+0800] [http-nio-8081-exec-3] INFO  o.a.c.c.C.[Tomcat].[localhost].[/] [173]- Initializing Spring DispatcherServlet 'dispatcherServlet'
[2020-11-26 11:52:51.822+0800] [http-nio-8081-exec-3] INFO  o.s.web.servlet.DispatcherServlet [525]- Initializing Servlet 'dispatcherServlet'
[2020-11-26 11:52:51.824+0800] [http-nio-8081-exec-3] INFO  o.s.web.servlet.DispatcherServlet [547]- Completed initialization in 2 ms
[2020-11-26 11:53:21.479+0800] [http-nio-8081-exec-7] INFO  c.e.library.service.MailService [36]- ÈÇÆ‰ª∂Â∑≤ÁªèÂèëÈÄÅ„ÄÇ
[2020-11-26 11:56:29.643+0800] [http-nio-8081-exec-9] INFO  c.e.library.service.MailService [36]- ÈÇÆ‰ª∂Â∑≤ÁªèÂèëÈÄÅ„ÄÇ
[2020-11-26 11:57:17.546+0800] [http-nio-8081-exec-8] ERROR c.e.l.controller.UserController [79]- callback get login error,com.example.library.beans.User@3db8c1e6
[2020-11-26 12:01:21.924+0800] [http-nio-8081-exec-8] INFO  c.e.library.service.MailService [36]- ÈÇÆ‰ª∂Â∑≤ÁªèÂèëÈÄÅ„ÄÇ
[2020-11-26 13:14:04.728+0800] [main] INFO  c.example.library.LibraryApplication [55]- Starting LibraryApplication using Java 1.8.0_241 on DESKTOP-F8LLN01 with PID 12184 (E:\codes\eclipse_new\library\target\classes started by ÊÑà in E:\codes\eclipse_new\library)
[2020-11-26 13:14:04.733+0800] [main] INFO  c.example.library.LibraryApplication [660]- No active profile set, falling back to default profiles: default
[2020-11-26 13:14:07.060+0800] [main] INFO  o.s.b.w.e.tomcat.TomcatWebServer [108]- Tomcat initialized with port(s): 8081 (http)
[2020-11-26 13:14:07.074+0800] [main] INFO  o.a.coyote.http11.Http11NioProtocol [173]- Initializing ProtocolHandler ["http-nio-8081"]
[2020-11-26 13:14:07.074+0800] [main] INFO  o.a.catalina.core.StandardService [173]- Starting service [Tomcat]
[2020-11-26 13:14:07.075+0800] [main] INFO  o.a.catalina.core.StandardEngine [173]- Starting Servlet engine: [Apache Tomcat/9.0.39]
[2020-11-26 13:14:07.175+0800] [main] INFO  o.a.c.c.C.[Tomcat].[localhost].[/] [173]- Initializing Spring embedded WebApplicationContext
[2020-11-26 13:14:07.175+0800] [main] INFO  o.s.b.w.s.c.ServletWebServerApplicationContext [289]- Root WebApplicationContext: initialization completed in 2314 ms
[2020-11-26 13:14:08.260+0800] [main] INFO  o.s.s.c.ThreadPoolTaskExecutor [181]- Initializing ExecutorService 'applicationTaskExecutor'
[2020-11-26 13:14:08.540+0800] [main] INFO  o.s.s.c.ThreadPoolTaskScheduler [181]- Initializing ExecutorService 'taskScheduler'
[2020-11-26 13:14:08.578+0800] [main] INFO  o.a.coyote.http11.Http11NioProtocol [173]- Starting ProtocolHandler ["http-nio-8081"]
[2020-11-26 13:14:08.609+0800] [main] INFO  o.s.b.w.e.tomcat.TomcatWebServer [220]- Tomcat started on port(s): 8081 (http) with context path ''
[2020-11-26 13:14:08.635+0800] [main] INFO  c.example.library.LibraryApplication [61]- Started LibraryApplication in 4.591 seconds (JVM running for 5.257)
[2020-11-26 13:14:09.690+0800] [scheduling-1] INFO  com.zaxxer.hikari.HikariDataSource [110]- HikariPool-1 - Starting...
[2020-11-26 13:14:09.929+0800] [scheduling-1] INFO  com.zaxxer.hikari.HikariDataSource [123]- HikariPool-1 - Start completed.
[2020-11-26 13:14:09.958+0800] [scheduling-1] INFO  c.e.library.service.ScheduledTask [29]- 2020-11-26T13:14:09.958Ê∏ÖÁêÜÂÉµÂ∞∏Ë¥¶Êà∑0‰∏™
[2020-11-26 13:17:01.968+0800] [http-nio-8081-exec-2] INFO  o.a.c.c.C.[Tomcat].[localhost].[/] [173]- Initializing Spring DispatcherServlet 'dispatcherServlet'
[2020-11-26 13:17:01.969+0800] [http-nio-8081-exec-2] INFO  o.s.web.servlet.DispatcherServlet [525]- Initializing Servlet 'dispatcherServlet'
[2020-11-26 13:17:01.971+0800] [http-nio-8081-exec-2] INFO  o.s.web.servlet.DispatcherServlet [547]- Completed initialization in 2 ms
[2020-11-26 13:22:19.413+0800] [http-nio-8081-exec-6] WARN  o.s.w.s.m.s.DefaultHandlerExceptionResolver [207]- Resolved [org.springframework.web.HttpRequestMethodNotSupportedException: Request method 'GET' not supported]
[2020-11-26 13:23:34.033+0800] [http-nio-8081-exec-3] INFO  c.e.library.service.MailService [40]- ÈÇÆ‰ª∂Â∑≤ÁªèÂèëÈÄÅ„ÄÇ
[2020-11-26 14:33:31.327+0800] [main] INFO  c.e.library.LibraryApplicationTests [55]- Starting LibraryApplicationTests using Java 1.8.0_241 on DESKTOP-F8LLN01 with PID 3380 (started by ”˙ in E:\codes\eclipse_new\library)
[2020-11-26 14:33:31.340+0800] [main] INFO  c.e.library.LibraryApplicationTests [660]- No active profile set, falling back to default profiles: default
[2020-11-26 14:33:34.087+0800] [main] INFO  o.s.s.c.ThreadPoolTaskExecutor [181]- Initializing ExecutorService 'applicationTaskExecutor'
[2020-11-26 14:33:34.637+0800] [main] INFO  o.s.s.c.ThreadPoolTaskScheduler [181]- Initializing ExecutorService 'taskScheduler'
[2020-11-26 14:33:34.745+0800] [main] INFO  c.e.library.LibraryApplicationTests [61]- Started LibraryApplicationTests in 4.017 seconds (JVM running for 5.359)
[2020-11-26 14:33:35.310+0800] [SpringContextShutdownHook] INFO  o.s.s.c.ThreadPoolTaskScheduler [218]- Shutting down ExecutorService 'taskScheduler'
[2020-11-26 14:33:35.313+0800] [SpringContextShutdownHook] INFO  o.s.s.c.ThreadPoolTaskExecutor [218]- Shutting down ExecutorService 'applicationTaskExecutor'
[2020-11-26 14:51:04.036+0800] [main] INFO  c.e.library.LibraryApplicationTests [55]- Starting LibraryApplicationTests using Java 1.8.0_241 on DESKTOP-F8LLN01 with PID 14472 (started by ”˙ in E:\codes\eclipse_new\library)
[2020-11-26 14:51:04.042+0800] [main] INFO  c.e.library.LibraryApplicationTests [660]- No active profile set, falling back to default profiles: default
[2020-11-26 14:51:06.918+0800] [main] INFO  o.s.s.c.ThreadPoolTaskExecutor [181]- Initializing ExecutorService 'applicationTaskExecutor'
[2020-11-26 14:51:07.431+0800] [main] INFO  o.s.s.c.ThreadPoolTaskScheduler [181]- Initializing ExecutorService 'taskScheduler'
[2020-11-26 14:51:07.524+0800] [main] INFO  c.e.library.LibraryApplicationTests [61]- Started LibraryApplicationTests in 4.12 seconds (JVM running for 5.66)
[2020-11-26 14:51:08.009+0800] [SpringContextShutdownHook] INFO  o.s.s.c.ThreadPoolTaskScheduler [218]- Shutting down ExecutorService 'taskScheduler'
[2020-11-26 14:51:08.012+0800] [SpringContextShutdownHook] INFO  o.s.s.c.ThreadPoolTaskExecutor [218]- Shutting down ExecutorService 'applicationTaskExecutor'
[2020-11-26 15:11:20.731+0800] [main] INFO  c.e.library.LibraryApplicationTests [55]- Starting LibraryApplicationTests using Java 1.8.0_241 on DESKTOP-F8LLN01 with PID 14260 (started by ”˙ in E:\codes\eclipse_new\library)
[2020-11-26 15:11:20.738+0800] [main] INFO  c.e.library.LibraryApplicationTests [660]- No active profile set, falling back to default profiles: default
[2020-11-26 15:11:23.613+0800] [main] INFO  o.s.s.c.ThreadPoolTaskExecutor [181]- Initializing ExecutorService 'applicationTaskExecutor'
[2020-11-26 15:11:24.159+0800] [main] INFO  o.s.s.c.ThreadPoolTaskScheduler [181]- Initializing ExecutorService 'taskScheduler'
[2020-11-26 15:11:24.249+0800] [main] INFO  c.e.library.LibraryApplicationTests [61]- Started LibraryApplicationTests in 4.148 seconds (JVM running for 5.406)
[2020-11-26 15:11:24.757+0800] [SpringContextShutdownHook] INFO  o.s.s.c.ThreadPoolTaskScheduler [218]- Shutting down ExecutorService 'taskScheduler'
[2020-11-26 15:11:24.760+0800] [SpringContextShutdownHook] INFO  o.s.s.c.ThreadPoolTaskExecutor [218]- Shutting down ExecutorService 'applicationTaskExecutor'
[2020-11-26 15:44:16.816+0800] [main] INFO  c.e.library.LibraryApplicationTests [55]- Starting LibraryApplicationTests using Java 1.8.0_241 on DESKTOP-F8LLN01 with PID 15076 (started by ”˙ in E:\codes\eclipse_new\library)
[2020-11-26 15:44:16.831+0800] [main] INFO  c.e.library.LibraryApplicationTests [660]- No active profile set, falling back to default profiles: default
[2020-11-26 15:44:20.353+0800] [main] INFO  o.s.s.c.ThreadPoolTaskExecutor [181]- Initializing ExecutorService 'applicationTaskExecutor'
[2020-11-26 15:44:21.187+0800] [main] INFO  o.s.s.c.ThreadPoolTaskScheduler [181]- Initializing ExecutorService 'taskScheduler'
[2020-11-26 15:44:21.354+0800] [main] INFO  c.e.library.LibraryApplicationTests [61]- Started LibraryApplicationTests in 5.215 seconds (JVM running for 7.339)
[2020-11-26 15:44:21.834+0800] [SpringContextShutdownHook] INFO  o.s.s.c.ThreadPoolTaskScheduler [218]- Shutting down ExecutorService 'taskScheduler'
[2020-11-26 15:44:21.835+0800] [SpringContextShutdownHook] INFO  o.s.s.c.ThreadPoolTaskExecutor [218]- Shutting down ExecutorService 'applicationTaskExecutor'
[2020-11-26 16:08:51.828+0800] [main] INFO  c.example.library.LibraryApplication [55]- Starting LibraryApplication using Java 1.8.0_241 on DESKTOP-F8LLN01 with PID 5364 (E:\codes\eclipse_new\library\target\classes started by ÊÑà in E:\codes\eclipse_new\library)
[2020-11-26 16:08:51.832+0800] [main] INFO  c.example.library.LibraryApplication [660]- No active profile set, falling back to default profiles: default
[2020-11-26 16:08:53.595+0800] [main] INFO  o.s.b.w.e.tomcat.TomcatWebServer [108]- Tomcat initialized with port(s): 8081 (http)
[2020-11-26 16:08:53.607+0800] [main] INFO  o.a.coyote.http11.Http11NioProtocol [173]- Initializing ProtocolHandler ["http-nio-8081"]
[2020-11-26 16:08:53.608+0800] [main] INFO  o.a.catalina.core.StandardService [173]- Starting service [Tomcat]
[2020-11-26 16:08:53.608+0800] [main] INFO  o.a.catalina.core.StandardEngine [173]- Starting Servlet engine: [Apache Tomcat/9.0.39]
[2020-11-26 16:08:53.697+0800] [main] INFO  o.a.c.c.C.[Tomcat].[localhost].[/] [173]- Initializing Spring embedded WebApplicationContext
[2020-11-26 16:08:53.697+0800] [main] INFO  o.s.b.w.s.c.ServletWebServerApplicationContext [289]- Root WebApplicationContext: initialization completed in 1769 ms
[2020-11-26 16:08:54.749+0800] [main] INFO  o.s.s.c.ThreadPoolTaskExecutor [181]- Initializing ExecutorService 'applicationTaskExecutor'
[2020-11-26 16:08:55.020+0800] [main] INFO  o.s.s.c.ThreadPoolTaskScheduler [181]- Initializing ExecutorService 'taskScheduler'
[2020-11-26 16:08:55.060+0800] [main] INFO  o.a.coyote.http11.Http11NioProtocol [173]- Starting ProtocolHandler ["http-nio-8081"]
[2020-11-26 16:08:55.099+0800] [main] INFO  o.s.b.w.e.tomcat.TomcatWebServer [220]- Tomcat started on port(s): 8081 (http) with context path ''
[2020-11-26 16:08:55.119+0800] [main] INFO  c.example.library.LibraryApplication [61]- Started LibraryApplication in 3.954 seconds (JVM running for 4.538)
[2020-11-26 16:08:56.197+0800] [scheduling-1] INFO  com.zaxxer.hikari.HikariDataSource [110]- HikariPool-1 - Starting...
[2020-11-26 16:08:56.488+0800] [scheduling-1] INFO  com.zaxxer.hikari.HikariDataSource [123]- HikariPool-1 - Start completed.
[2020-11-26 16:08:56.518+0800] [scheduling-1] INFO  c.e.library.service.ScheduledTask [29]- 2020-11-26T16:08:56.518Ê∏ÖÁêÜÂÉµÂ∞∏Ë¥¶Êà∑5‰∏™
[2020-11-26 16:36:48.169+0800] [main] INFO  c.e.library.LibraryApplicationTests [55]- Starting LibraryApplicationTests using Java 1.8.0_241 on DESKTOP-F8LLN01 with PID 13852 (started by ”˙ in E:\codes\eclipse_new\library)
[2020-11-26 16:36:48.177+0800] [main] INFO  c.e.library.LibraryApplicationTests [660]- No active profile set, falling back to default profiles: default
[2020-11-26 16:36:50.934+0800] [main] INFO  o.s.s.c.ThreadPoolTaskExecutor [181]- Initializing ExecutorService 'applicationTaskExecutor'
[2020-11-26 16:36:51.432+0800] [main] INFO  o.s.s.c.ThreadPoolTaskScheduler [181]- Initializing ExecutorService 'taskScheduler'
[2020-11-26 16:36:51.521+0800] [main] INFO  c.e.library.LibraryApplicationTests [61]- Started LibraryApplicationTests in 3.966 seconds (JVM running for 5.208)
[2020-11-26 16:36:51.999+0800] [SpringContextShutdownHook] INFO  o.s.s.c.ThreadPoolTaskScheduler [218]- Shutting down ExecutorService 'taskScheduler'
[2020-11-26 16:36:52.002+0800] [SpringContextShutdownHook] INFO  o.s.s.c.ThreadPoolTaskExecutor [218]- Shutting down ExecutorService 'applicationTaskExecutor'
[2020-11-26 16:41:37.415+0800] [main] INFO  c.example.library.LibraryApplication [55]- Starting LibraryApplication using Java 1.8.0_241 on DESKTOP-F8LLN01 with PID 15064 (E:\codes\eclipse_new\library\target\classes started by ÊÑà in E:\codes\eclipse_new\library)
[2020-11-26 16:41:37.418+0800] [main] INFO  c.example.library.LibraryApplication [660]- No active profile set, falling back to default profiles: default
[2020-11-26 16:41:39.416+0800] [main] INFO  o.s.b.w.e.tomcat.TomcatWebServer [108]- Tomcat initialized with port(s): 8081 (http)
[2020-11-26 16:41:39.429+0800] [main] INFO  o.a.coyote.http11.Http11NioProtocol [173]- Initializing ProtocolHandler ["http-nio-8081"]
[2020-11-26 16:41:39.430+0800] [main] INFO  o.a.catalina.core.StandardService [173]- Starting service [Tomcat]
[2020-11-26 16:41:39.430+0800] [main] INFO  o.a.catalina.core.StandardEngine [173]- Starting Servlet engine: [Apache Tomcat/9.0.39]
[2020-11-26 16:41:39.538+0800] [main] INFO  o.a.c.c.C.[Tomcat].[localhost].[/] [173]- Initializing Spring embedded WebApplicationContext
[2020-11-26 16:41:39.538+0800] [main] INFO  o.s.b.w.s.c.ServletWebServerApplicationContext [289]- Root WebApplicationContext: initialization completed in 2010 ms
[2020-11-26 16:41:40.520+0800] [main] INFO  o.s.s.c.ThreadPoolTaskExecutor [181]- Initializing ExecutorService 'applicationTaskExecutor'
[2020-11-26 16:41:40.815+0800] [main] INFO  o.s.s.c.ThreadPoolTaskScheduler [181]- Initializing ExecutorService 'taskScheduler'
[2020-11-26 16:41:40.847+0800] [main] INFO  o.a.coyote.http11.Http11NioProtocol [173]- Starting ProtocolHandler ["http-nio-8081"]
[2020-11-26 16:41:40.882+0800] [main] INFO  o.s.b.w.e.tomcat.TomcatWebServer [220]- Tomcat started on port(s): 8081 (http) with context path ''
[2020-11-26 16:41:40.903+0800] [main] INFO  c.example.library.LibraryApplication [61]- Started LibraryApplication in 4.389 seconds (JVM running for 5.042)
[2020-11-26 16:41:41.956+0800] [scheduling-1] INFO  com.zaxxer.hikari.HikariDataSource [110]- HikariPool-1 - Starting...
[2020-11-26 16:41:42.210+0800] [scheduling-1] INFO  com.zaxxer.hikari.HikariDataSource [123]- HikariPool-1 - Start completed.
[2020-11-26 16:41:42.233+0800] [scheduling-1] INFO  c.e.library.service.ScheduledTask [29]- 2020-11-26T16:41:42.233Ê∏ÖÁêÜÂÉµÂ∞∏Ë¥¶Êà∑0‰∏™
[2020-11-26 16:42:23.651+0800] [http-nio-8081-exec-2] INFO  o.a.c.c.C.[Tomcat].[localhost].[/] [173]- Initializing Spring DispatcherServlet 'dispatcherServlet'
[2020-11-26 16:42:23.651+0800] [http-nio-8081-exec-2] INFO  o.s.web.servlet.DispatcherServlet [525]- Initializing Servlet 'dispatcherServlet'
[2020-11-26 16:42:23.655+0800] [http-nio-8081-exec-2] INFO  o.s.web.servlet.DispatcherServlet [547]- Completed initialization in 3 ms
[2020-11-26 17:23:42.042+0800] [main] INFO  c.example.library.LibraryApplication [55]- Starting LibraryApplication using Java 1.8.0_241 on DESKTOP-F8LLN01 with PID 10048 (E:\codes\eclipse_new\library\target\classes started by ÊÑà in E:\codes\eclipse_new\library)
[2020-11-26 17:23:42.070+0800] [main] INFO  c.example.library.LibraryApplication [660]- No active profile set, falling back to default profiles: default
[2020-11-26 17:23:45.312+0800] [main] INFO  o.s.b.w.e.tomcat.TomcatWebServer [108]- Tomcat initialized with port(s): 8081 (http)
[2020-11-26 17:23:45.329+0800] [main] INFO  o.a.coyote.http11.Http11NioProtocol [173]- Initializing ProtocolHandler ["http-nio-8081"]
[2020-11-26 17:23:45.330+0800] [main] INFO  o.a.catalina.core.StandardService [173]- Starting service [Tomcat]
[2020-11-26 17:23:45.331+0800] [main] INFO  o.a.catalina.core.StandardEngine [173]- Starting Servlet engine: [Apache Tomcat/9.0.39]
[2020-11-26 17:23:45.441+0800] [main] INFO  o.a.c.c.C.[Tomcat].[localhost].[/] [173]- Initializing Spring embedded WebApplicationContext
[2020-11-26 17:23:45.441+0800] [main] INFO  o.s.b.w.s.c.ServletWebServerApplicationContext [289]- Root WebApplicationContext: initialization completed in 3255 ms
[2020-11-26 17:23:46.682+0800] [main] INFO  o.s.s.c.ThreadPoolTaskExecutor [181]- Initializing ExecutorService 'applicationTaskExecutor'
[2020-11-26 17:23:47.033+0800] [main] INFO  o.s.s.c.ThreadPoolTaskScheduler [181]- Initializing ExecutorService 'taskScheduler'
[2020-11-26 17:23:47.071+0800] [main] INFO  o.a.coyote.http11.Http11NioProtocol [173]- Starting ProtocolHandler ["http-nio-8081"]
[2020-11-26 17:23:47.115+0800] [main] INFO  o.s.b.w.e.tomcat.TomcatWebServer [220]- Tomcat started on port(s): 8081 (http) with context path ''
[2020-11-26 17:23:47.130+0800] [main] INFO  c.example.library.LibraryApplication [61]- Started LibraryApplication in 5.905 seconds (JVM running for 6.545)
[2020-11-26 17:23:48.192+0800] [scheduling-1] INFO  com.zaxxer.hikari.HikariDataSource [110]- HikariPool-1 - Starting...
[2020-11-26 17:23:48.444+0800] [scheduling-1] INFO  com.zaxxer.hikari.HikariDataSource [123]- HikariPool-1 - Start completed.
[2020-11-26 17:23:48.470+0800] [scheduling-1] INFO  c.e.library.service.ScheduledTask [29]- 2020-11-26T17:23:48.470Ê∏ÖÁêÜÂÉµÂ∞∏Ë¥¶Êà∑0‰∏™
[2020-11-26 17:28:43.288+0800] [http-nio-8081-exec-1] INFO  o.a.c.c.C.[Tomcat].[localhost].[/] [173]- Initializing Spring DispatcherServlet 'dispatcherServlet'
[2020-11-26 17:28:43.289+0800] [http-nio-8081-exec-1] INFO  o.s.web.servlet.DispatcherServlet [525]- Initializing Servlet 'dispatcherServlet'
[2020-11-26 17:28:43.313+0800] [http-nio-8081-exec-1] INFO  o.s.web.servlet.DispatcherServlet [547]- Completed initialization in 24 ms
[2020-11-26 17:33:45.899+0800] [http-nio-8081-exec-5] INFO  c.e.library.service.MailService [40]- ÈÇÆ‰ª∂Â∑≤ÁªèÂèëÈÄÅ„ÄÇ
[2020-11-26 17:34:30.600+0800] [http-nio-8081-exec-7] ERROR c.e.l.controller.UserController [79]- callback get login error,com.example.library.beans.User@5e232594
[2020-11-26 17:35:13.153+0800] [http-nio-8081-exec-3] ERROR c.e.l.controller.UserController [79]- callback get login error,com.example.library.beans.User@6d312d17
[2020-11-26 17:35:49.370+0800] [http-nio-8081-exec-5] ERROR c.e.l.controller.UserController [79]- callback get login error,com.example.library.beans.User@61113d6a
[2020-11-26 17:35:57.306+0800] [http-nio-8081-exec-7] ERROR c.e.l.controller.UserController [79]- callback get login error,com.example.library.beans.User@1f1e2faf
[2020-11-26 17:46:08.094+0800] [http-nio-8081-exec-1] INFO  c.e.library.service.MailService [40]- ÈÇÆ‰ª∂Â∑≤ÁªèÂèëÈÄÅ„ÄÇ
[2020-11-26 17:51:04.867+0800] [http-nio-8081-exec-4] INFO  c.e.library.service.MailService [40]- ÈÇÆ‰ª∂Â∑≤ÁªèÂèëÈÄÅ„ÄÇ
[2020-11-26 17:52:02.940+0800] [http-nio-8081-exec-7] INFO  c.e.library.service.MailService [40]- ÈÇÆ‰ª∂Â∑≤ÁªèÂèëÈÄÅ„ÄÇ
[2020-11-26 18:34:14.533+0800] [http-nio-8081-exec-1] INFO  c.e.library.service.MailService [40]- ÈÇÆ‰ª∂Â∑≤ÁªèÂèëÈÄÅ„ÄÇ
[2020-11-26 18:36:07.836+0800] [http-nio-8081-exec-6] INFO  c.e.library.service.MailService [40]- ÈÇÆ‰ª∂Â∑≤ÁªèÂèëÈÄÅ„ÄÇ
[2020-11-26 18:36:20.683+0800] [http-nio-8081-exec-8] INFO  c.e.library.service.MailService [40]- ÈÇÆ‰ª∂Â∑≤ÁªèÂèëÈÄÅ„ÄÇ
[2020-11-26 18:36:27.231+0800] [http-nio-8081-exec-10] INFO  c.e.library.service.MailService [40]- ÈÇÆ‰ª∂Â∑≤ÁªèÂèëÈÄÅ„ÄÇ
[2020-11-26 18:41:38.200+0800] [http-nio-8081-exec-3] ERROR c.e.l.controller.UserController [79]- callback get login error,com.example.library.beans.User@34164aad
[2020-11-26 18:41:48.446+0800] [http-nio-8081-exec-5] ERROR c.e.l.controller.UserController [79]- callback get login error,com.example.library.beans.User@4fb7fe86
[2020-11-26 18:42:39.325+0800] [http-nio-8081-exec-7] ERROR c.e.l.controller.UserController [79]- callback get login error,com.example.library.beans.User@54971375
[2020-11-26 18:43:12.833+0800] [http-nio-8081-exec-9] INFO  c.e.library.service.MailService [40]- ÈÇÆ‰ª∂Â∑≤ÁªèÂèëÈÄÅ„ÄÇ
[2020-11-26 19:06:43.695+0800] [main] INFO  c.example.library.LibraryApplication [55]- Starting LibraryApplication using Java 1.8.0_241 on DESKTOP-F8LLN01 with PID 13232 (E:\codes\eclipse_new\library\target\classes started by ÊÑà in E:\codes\eclipse_new\library)
[2020-11-26 19:06:43.709+0800] [main] INFO  c.example.library.LibraryApplication [660]- No active profile set, falling back to default profiles: default
[2020-11-26 19:06:47.262+0800] [main] INFO  o.s.b.w.e.tomcat.TomcatWebServer [108]- Tomcat initialized with port(s): 8081 (http)
[2020-11-26 19:06:47.283+0800] [main] INFO  o.a.coyote.http11.Http11NioProtocol [173]- Initializing ProtocolHandler ["http-nio-8081"]
[2020-11-26 19:06:47.284+0800] [main] INFO  o.a.catalina.core.StandardService [173]- Starting service [Tomcat]
[2020-11-26 19:06:47.285+0800] [main] INFO  o.a.catalina.core.StandardEngine [173]- Starting Servlet engine: [Apache Tomcat/9.0.39]
[2020-11-26 19:06:47.435+0800] [main] INFO  o.a.c.c.C.[Tomcat].[localhost].[/] [173]- Initializing Spring embedded WebApplicationContext
[2020-11-26 19:06:47.436+0800] [main] INFO  o.s.b.w.s.c.ServletWebServerApplicationContext [289]- Root WebApplicationContext: initialization completed in 3564 ms
[2020-11-26 19:06:48.937+0800] [main] INFO  o.s.s.c.ThreadPoolTaskExecutor [181]- Initializing ExecutorService 'applicationTaskExecutor'
[2020-11-26 19:06:49.292+0800] [main] INFO  o.s.s.c.ThreadPoolTaskScheduler [181]- Initializing ExecutorService 'taskScheduler'
[2020-11-26 19:06:49.335+0800] [main] INFO  o.a.coyote.http11.Http11NioProtocol [173]- Starting ProtocolHandler ["http-nio-8081"]
[2020-11-26 19:06:49.393+0800] [main] INFO  o.s.b.w.e.tomcat.TomcatWebServer [220]- Tomcat started on port(s): 8081 (http) with context path ''
[2020-11-26 19:06:49.420+0800] [main] INFO  c.example.library.LibraryApplication [61]- Started LibraryApplication in 6.995 seconds (JVM running for 8.679)
[2020-11-26 19:06:50.499+0800] [scheduling-1] INFO  com.zaxxer.hikari.HikariDataSource [110]- HikariPool-1 - Starting...
[2020-11-26 19:06:50.855+0800] [scheduling-1] INFO  com.zaxxer.hikari.HikariDataSource [123]- HikariPool-1 - Start completed.
[2020-11-26 19:06:50.891+0800] [scheduling-1] INFO  c.e.library.service.ScheduledTask [29]- 2020-11-26T19:06:50.890Ê∏ÖÁêÜÂÉµÂ∞∏Ë¥¶Êà∑0‰∏™
[2020-11-26 19:06:54.620+0800] [http-nio-8081-exec-1] INFO  o.a.c.c.C.[Tomcat].[localhost].[/] [173]- Initializing Spring DispatcherServlet 'dispatcherServlet'
[2020-11-26 19:06:54.621+0800] [http-nio-8081-exec-1] INFO  o.s.web.servlet.DispatcherServlet [525]- Initializing Servlet 'dispatcherServlet'
[2020-11-26 19:06:54.623+0800] [http-nio-8081-exec-1] INFO  o.s.web.servlet.DispatcherServlet [547]- Completed initialization in 2 ms
[2020-11-26 19:18:11.610+0800] [main] INFO  c.example.library.LibraryApplication [55]- Starting LibraryApplication using Java 1.8.0_241 on DESKTOP-F8LLN01 with PID 10372 (E:\codes\eclipse_new\library\target\classes started by ÊÑà in E:\codes\eclipse_new\library)
[2020-11-26 19:18:11.613+0800] [main] INFO  c.example.library.LibraryApplication [660]- No active profile set, falling back to default profiles: default
[2020-11-26 19:18:13.622+0800] [main] INFO  o.s.b.w.e.tomcat.TomcatWebServer [108]- Tomcat initialized with port(s): 8081 (http)
[2020-11-26 19:18:13.645+0800] [main] INFO  o.a.coyote.http11.Http11NioProtocol [173]- Initializing ProtocolHandler ["http-nio-8081"]
[2020-11-26 19:18:13.646+0800] [main] INFO  o.a.catalina.core.StandardService [173]- Starting service [Tomcat]
[2020-11-26 19:18:13.647+0800] [main] INFO  o.a.catalina.core.StandardEngine [173]- Starting Servlet engine: [Apache Tomcat/9.0.39]
[2020-11-26 19:18:13.736+0800] [main] INFO  o.a.c.c.C.[Tomcat].[localhost].[/] [173]- Initializing Spring embedded WebApplicationContext
[2020-11-26 19:18:13.737+0800] [main] INFO  o.s.b.w.s.c.ServletWebServerApplicationContext [289]- Root WebApplicationContext: initialization completed in 2012 ms
[2020-11-26 19:18:14.754+0800] [main] INFO  o.s.s.c.ThreadPoolTaskExecutor [181]- Initializing ExecutorService 'applicationTaskExecutor'
[2020-11-26 19:18:15.165+0800] [main] INFO  o.s.s.c.ThreadPoolTaskScheduler [181]- Initializing ExecutorService 'taskScheduler'
[2020-11-26 19:18:15.197+0800] [main] INFO  o.a.coyote.http11.Http11NioProtocol [173]- Starting ProtocolHandler ["http-nio-8081"]
[2020-11-26 19:18:15.225+0800] [main] INFO  o.s.b.w.e.tomcat.TomcatWebServer [220]- Tomcat started on port(s): 8081 (http) with context path ''
[2020-11-26 19:18:15.245+0800] [main] INFO  c.example.library.LibraryApplication [61]- Started LibraryApplication in 4.326 seconds (JVM running for 5.029)
[2020-11-26 19:18:16.296+0800] [scheduling-1] INFO  com.zaxxer.hikari.HikariDataSource [110]- HikariPool-1 - Starting...
[2020-11-26 19:18:16.531+0800] [scheduling-1] INFO  com.zaxxer.hikari.HikariDataSource [123]- HikariPool-1 - Start completed.
[2020-11-26 19:18:16.553+0800] [scheduling-1] INFO  c.e.library.service.ScheduledTask [29]- 2020-11-26T19:18:16.553Ê∏ÖÁêÜÂÉµÂ∞∏Ë¥¶Êà∑0‰∏™
[2020-11-26 19:18:22.908+0800] [http-nio-8081-exec-1] INFO  o.a.c.c.C.[Tomcat].[localhost].[/] [173]- Initializing Spring DispatcherServlet 'dispatcherServlet'
[2020-11-26 19:18:22.908+0800] [http-nio-8081-exec-1] INFO  o.s.web.servlet.DispatcherServlet [525]- Initializing Servlet 'dispatcherServlet'
[2020-11-26 19:18:22.910+0800] [http-nio-8081-exec-1] INFO  o.s.web.servlet.DispatcherServlet [547]- Completed initialization in 2 ms
[2020-11-26 19:23:54.547+0800] [http-nio-8081-exec-2] WARN  o.s.w.s.m.s.DefaultHandlerExceptionResolver [207]- Resolved [org.springframework.http.converter.HttpMessageNotReadableException: JSON parse error: Cannot deserialize value of type `java.lang.Integer` from String "2578275827": Overflow: numeric value (2578275827) out of range of Integer (-2147483648 - 2147483647); nested exception is com.fasterxml.jackson.databind.exc.InvalidFormatException: Cannot deserialize value of type `java.lang.Integer` from String "2578275827": Overflow: numeric value (2578275827) out of range of Integer (-2147483648 - 2147483647)
 at [Source: (PushbackInputStream); line: 1, column: 155] (through reference chain: com.example.library.beans.Books["number"])]
[2020-11-26 19:37:47.943+0800] [main] INFO  c.example.library.LibraryApplication [55]- Starting LibraryApplication using Java 1.8.0_241 on DESKTOP-F8LLN01 with PID 592 (E:\codes\eclipse_new\library\target\classes started by ÊÑà in E:\codes\eclipse_new\library)
[2020-11-26 19:37:47.952+0800] [main] INFO  c.example.library.LibraryApplication [660]- No active profile set, falling back to default profiles: default
[2020-11-26 19:37:50.530+0800] [main] INFO  o.s.b.w.e.tomcat.TomcatWebServer [108]- Tomcat initialized with port(s): 8081 (http)
[2020-11-26 19:37:50.557+0800] [main] INFO  o.a.coyote.http11.Http11NioProtocol [173]- Initializing ProtocolHandler ["http-nio-8081"]
[2020-11-26 19:37:50.558+0800] [main] INFO  o.a.catalina.core.StandardService [173]- Starting service [Tomcat]
[2020-11-26 19:37:50.559+0800] [main] INFO  o.a.catalina.core.StandardEngine [173]- Starting Servlet engine: [Apache Tomcat/9.0.39]
[2020-11-26 19:37:50.706+0800] [main] INFO  o.a.c.c.C.[Tomcat].[localhost].[/] [173]- Initializing Spring embedded WebApplicationContext
[2020-11-26 19:37:50.706+0800] [main] INFO  o.s.b.w.s.c.ServletWebServerApplicationContext [289]- Root WebApplicationContext: initialization completed in 2596 ms
[2020-11-26 19:37:52.254+0800] [main] INFO  o.s.s.c.ThreadPoolTaskExecutor [181]- Initializing ExecutorService 'applicationTaskExecutor'
[2020-11-26 19:38:23.675+0800] [main] INFO  c.example.library.LibraryApplication [55]- Starting LibraryApplication using Java 1.8.0_241 on DESKTOP-F8LLN01 with PID 1052 (E:\codes\eclipse_new\library\target\classes started by ÊÑà in E:\codes\eclipse_new\library)
[2020-11-26 19:38:23.690+0800] [main] INFO  c.example.library.LibraryApplication [660]- No active profile set, falling back to default profiles: default
[2020-11-26 19:38:26.943+0800] [main] INFO  o.s.b.w.e.tomcat.TomcatWebServer [108]- Tomcat initialized with port(s): 8081 (http)
[2020-11-26 19:38:26.966+0800] [main] INFO  o.a.coyote.http11.Http11NioProtocol [173]- Initializing ProtocolHandler ["http-nio-8081"]
[2020-11-26 19:38:26.967+0800] [main] INFO  o.a.catalina.core.StandardService [173]- Starting service [Tomcat]
[2020-11-26 19:38:26.968+0800] [main] INFO  o.a.catalina.core.StandardEngine [173]- Starting Servlet engine: [Apache Tomcat/9.0.39]
[2020-11-26 19:38:27.108+0800] [main] INFO  o.a.c.c.C.[Tomcat].[localhost].[/] [173]- Initializing Spring embedded WebApplicationContext
[2020-11-26 19:38:27.109+0800] [main] INFO  o.s.b.w.s.c.ServletWebServerApplicationContext [289]- Root WebApplicationContext: initialization completed in 3226 ms
[2020-11-26 19:38:28.675+0800] [main] INFO  o.s.s.c.ThreadPoolTaskExecutor [181]- Initializing ExecutorService 'applicationTaskExecutor'
[2020-11-26 19:38:29.048+0800] [main] INFO  o.s.s.c.ThreadPoolTaskScheduler [181]- Initializing ExecutorService 'taskScheduler'
[2020-11-26 19:38:29.092+0800] [main] INFO  o.a.coyote.http11.Http11NioProtocol [173]- Starting ProtocolHandler ["http-nio-8081"]
[2020-11-26 19:38:29.192+0800] [main] INFO  o.s.b.w.e.tomcat.TomcatWebServer [220]- Tomcat started on port(s): 8081 (http) with context path ''
[2020-11-26 19:38:29.231+0800] [main] INFO  c.example.library.LibraryApplication [61]- Started LibraryApplication in 6.928 seconds (JVM running for 7.93)
[2020-11-26 19:38:30.355+0800] [scheduling-1] INFO  com.zaxxer.hikari.HikariDataSource [110]- HikariPool-1 - Starting...
[2020-11-26 19:38:31.087+0800] [scheduling-1] INFO  com.zaxxer.hikari.HikariDataSource [123]- HikariPool-1 - Start completed.
[2020-11-26 19:38:31.165+0800] [scheduling-1] INFO  c.e.library.service.ScheduledTask [29]- 2020-11-26T19:38:31.165Ê∏ÖÁêÜÂÉµÂ∞∏Ë¥¶Êà∑0‰∏™
[2020-11-26 19:38:49.076+0800] [http-nio-8081-exec-1] INFO  o.a.c.c.C.[Tomcat].[localhost].[/] [173]- Initializing Spring DispatcherServlet 'dispatcherServlet'
[2020-11-26 19:38:49.077+0800] [http-nio-8081-exec-1] INFO  o.s.web.servlet.DispatcherServlet [525]- Initializing Servlet 'dispatcherServlet'
[2020-11-26 19:38:49.078+0800] [http-nio-8081-exec-1] INFO  o.s.web.servlet.DispatcherServlet [547]- Completed initialization in 1 ms
[2020-11-26 19:46:24.631+0800] [main] INFO  c.example.library.LibraryApplication [55]- Starting LibraryApplication using Java 1.8.0_241 on DESKTOP-F8LLN01 with PID 11752 (E:\codes\eclipse_new\library\target\classes started by ÊÑà in E:\codes\eclipse_new\library)
[2020-11-26 19:46:24.643+0800] [main] INFO  c.example.library.LibraryApplication [660]- No active profile set, falling back to default profiles: default
[2020-11-26 19:46:28.303+0800] [main] INFO  o.s.b.w.e.tomcat.TomcatWebServer [108]- Tomcat initialized with port(s): 8081 (http)
[2020-11-26 19:46:28.326+0800] [main] INFO  o.a.coyote.http11.Http11NioProtocol [173]- Initializing ProtocolHandler ["http-nio-8081"]
[2020-11-26 19:46:28.328+0800] [main] INFO  o.a.catalina.core.StandardService [173]- Starting service [Tomcat]
[2020-11-26 19:46:28.328+0800] [main] INFO  o.a.catalina.core.StandardEngine [173]- Starting Servlet engine: [Apache Tomcat/9.0.39]
[2020-11-26 19:46:28.492+0800] [main] INFO  o.a.c.c.C.[Tomcat].[localhost].[/] [173]- Initializing Spring embedded WebApplicationContext
[2020-11-26 19:46:28.493+0800] [main] INFO  o.s.b.w.s.c.ServletWebServerApplicationContext [289]- Root WebApplicationContext: initialization completed in 3659 ms
[2020-11-26 19:46:29.985+0800] [main] INFO  o.s.s.c.ThreadPoolTaskExecutor [181]- Initializing ExecutorService 'applicationTaskExecutor'
[2020-11-26 19:46:30.353+0800] [main] INFO  o.s.s.c.ThreadPoolTaskScheduler [181]- Initializing ExecutorService 'taskScheduler'
[2020-11-26 19:46:30.393+0800] [main] INFO  o.a.coyote.http11.Http11NioProtocol [173]- Starting ProtocolHandler ["http-nio-8081"]
[2020-11-26 19:46:30.501+0800] [main] INFO  o.s.b.w.e.tomcat.TomcatWebServer [220]- Tomcat started on port(s): 8081 (http) with context path ''
[2020-11-26 19:46:30.574+0800] [main] INFO  c.example.library.LibraryApplication [61]- Started LibraryApplication in 7.25 seconds (JVM running for 8.243)
[2020-11-26 19:46:30.894+0800] [http-nio-8081-exec-1] INFO  o.a.c.c.C.[Tomcat].[localhost].[/] [173]- Initializing Spring DispatcherServlet 'dispatcherServlet'
[2020-11-26 19:46:30.895+0800] [http-nio-8081-exec-1] INFO  o.s.web.servlet.DispatcherServlet [525]- Initializing Servlet 'dispatcherServlet'
[2020-11-26 19:46:30.898+0800] [http-nio-8081-exec-1] INFO  o.s.web.servlet.DispatcherServlet [547]- Completed initialization in 1 ms
[2020-11-26 19:46:31.835+0800] [scheduling-1] INFO  com.zaxxer.hikari.HikariDataSource [110]- HikariPool-1 - Starting...
[2020-11-26 19:46:32.560+0800] [scheduling-1] INFO  com.zaxxer.hikari.HikariDataSource [123]- HikariPool-1 - Start completed.
[2020-11-26 19:46:32.642+0800] [scheduling-1] INFO  c.e.library.service.ScheduledTask [29]- 2020-11-26T19:46:32.642Ê∏ÖÁêÜÂÉµÂ∞∏Ë¥¶Êà∑0‰∏™
[2020-11-26 19:46:41.911+0800] [main] INFO  c.example.library.LibraryApplication [55]- Starting LibraryApplication using Java 1.8.0_241 on DESKTOP-F8LLN01 with PID 11804 (E:\codes\eclipse_new\library\target\classes started by ÊÑà in E:\codes\eclipse_new\library)
[2020-11-26 19:46:41.915+0800] [main] INFO  c.example.library.LibraryApplication [660]- No active profile set, falling back to default profiles: default
[2020-11-26 19:46:44.096+0800] [main] INFO  o.s.b.w.e.tomcat.TomcatWebServer [108]- Tomcat initialized with port(s): 8081 (http)
[2020-11-26 19:46:44.122+0800] [main] INFO  o.a.coyote.http11.Http11NioProtocol [173]- Initializing ProtocolHandler ["http-nio-8081"]
[2020-11-26 19:46:44.123+0800] [main] INFO  o.a.catalina.core.StandardService [173]- Starting service [Tomcat]
[2020-11-26 19:46:44.123+0800] [main] INFO  o.a.catalina.core.StandardEngine [173]- Starting Servlet engine: [Apache Tomcat/9.0.39]
[2020-11-26 19:46:44.210+0800] [main] INFO  o.a.c.c.C.[Tomcat].[localhost].[/] [173]- Initializing Spring embedded WebApplicationContext
[2020-11-26 19:46:44.211+0800] [main] INFO  o.s.b.w.s.c.ServletWebServerApplicationContext [289]- Root WebApplicationContext: initialization completed in 2195 ms
[2020-11-26 19:46:45.323+0800] [main] INFO  o.s.s.c.ThreadPoolTaskExecutor [181]- Initializing ExecutorService 'applicationTaskExecutor'
[2020-11-26 19:46:45.607+0800] [main] INFO  o.s.s.c.ThreadPoolTaskScheduler [181]- Initializing ExecutorService 'taskScheduler'
[2020-11-26 19:46:45.643+0800] [main] INFO  o.a.coyote.http11.Http11NioProtocol [173]- Starting ProtocolHandler ["http-nio-8081"]
[2020-11-26 19:46:45.678+0800] [main] INFO  o.s.b.w.e.tomcat.TomcatWebServer [220]- Tomcat started on port(s): 8081 (http) with context path ''
[2020-11-26 19:46:45.697+0800] [main] INFO  c.example.library.LibraryApplication [61]- Started LibraryApplication in 4.467 seconds (JVM running for 5.032)
[2020-11-26 19:46:46.756+0800] [scheduling-1] INFO  com.zaxxer.hikari.HikariDataSource [110]- HikariPool-1 - Starting...
[2020-11-26 19:46:46.995+0800] [scheduling-1] INFO  com.zaxxer.hikari.HikariDataSource [123]- HikariPool-1 - Start completed.
[2020-11-26 19:46:47.023+0800] [scheduling-1] INFO  c.e.library.service.ScheduledTask [29]- 2020-11-26T19:46:47.023Ê∏ÖÁêÜÂÉµÂ∞∏Ë¥¶Êà∑0‰∏™
[2020-11-26 19:47:38.847+0800] [http-nio-8081-exec-1] INFO  o.a.c.c.C.[Tomcat].[localhost].[/] [173]- Initializing Spring DispatcherServlet 'dispatcherServlet'
[2020-11-26 19:47:38.848+0800] [http-nio-8081-exec-1] INFO  o.s.web.servlet.DispatcherServlet [525]- Initializing Servlet 'dispatcherServlet'
[2020-11-26 19:47:38.849+0800] [http-nio-8081-exec-1] INFO  o.s.web.servlet.DispatcherServlet [547]- Completed initialization in 1 ms
[2020-11-26 20:00:28.932+0800] [http-nio-8081-exec-10] ERROR c.e.l.controller.UserController [79]- callback get login error,com.example.library.beans.User@9084aa9
[2020-11-26 20:00:41.353+0800] [http-nio-8081-exec-1] ERROR c.e.l.controller.UserController [79]- callback get login error,com.example.library.beans.User@4a7f3129
[2020-11-26 20:05:44.156+0800] [http-nio-8081-exec-1] ERROR c.e.l.controller.UserController [79]- callback get login error,com.example.library.beans.User@d21b896
[2020-11-26 20:10:20.285+0800] [http-nio-8081-exec-8] ERROR c.e.l.controller.UserController [79]- callback get login error,com.example.library.beans.User@120735a6
[2020-11-26 20:10:31.337+0800] [http-nio-8081-exec-5] ERROR c.e.l.controller.UserController [79]- callback get login error,com.example.library.beans.User@4fa15495
[2020-11-26 20:10:38.489+0800] [http-nio-8081-exec-8] ERROR c.e.l.controller.UserController [79]- callback get login error,com.example.library.beans.User@4933360e
[2020-11-26 20:11:24.708+0800] [http-nio-8081-exec-1] INFO  c.e.library.service.MailService [40]- ÈÇÆ‰ª∂Â∑≤ÁªèÂèëÈÄÅ„ÄÇ
[2020-11-26 20:12:01.137+0800] [http-nio-8081-exec-3] ERROR c.e.l.controller.UserController [79]- callback get login error,com.example.library.beans.User@429ff174
[2020-11-26 20:12:52.608+0800] [http-nio-8081-exec-5] ERROR c.e.l.controller.UserController [79]- callback get login error,com.example.library.beans.User@51ac9216
[2020-11-26 20:27:33.076+0800] [http-nio-8081-exec-1] ERROR c.e.l.controller.UserController [79]- callback get login error,com.example.library.beans.User@39008e9
[2020-11-26 20:46:43.205+0800] [main] INFO  c.example.library.LibraryApplication [55]- Starting LibraryApplication using Java 1.8.0_241 on DESKTOP-F8LLN01 with PID 996 (E:\codes\eclipse_new\library\target\classes started by ÊÑà in E:\codes\eclipse_new\library)
[2020-11-26 20:46:43.209+0800] [main] INFO  c.example.library.LibraryApplication [660]- No active profile set, falling back to default profiles: default
[2020-11-26 20:46:45.309+0800] [main] INFO  o.s.b.w.e.tomcat.TomcatWebServer [108]- Tomcat initialized with port(s): 8081 (http)
[2020-11-26 20:46:45.324+0800] [main] INFO  o.a.coyote.http11.Http11NioProtocol [173]- Initializing ProtocolHandler ["http-nio-8081"]
[2020-11-26 20:46:45.325+0800] [main] INFO  o.a.catalina.core.StandardService [173]- Starting service [Tomcat]
[2020-11-26 20:46:45.325+0800] [main] INFO  o.a.catalina.core.StandardEngine [173]- Starting Servlet engine: [Apache Tomcat/9.0.39]
[2020-11-26 20:46:45.471+0800] [main] INFO  o.a.c.c.C.[Tomcat].[localhost].[/] [173]- Initializing Spring embedded WebApplicationContext
[2020-11-26 20:46:45.472+0800] [main] INFO  o.s.b.w.s.c.ServletWebServerApplicationContext [289]- Root WebApplicationContext: initialization completed in 2143 ms
[2020-11-26 20:46:46.744+0800] [main] INFO  o.s.s.c.ThreadPoolTaskExecutor [181]- Initializing ExecutorService 'applicationTaskExecutor'
[2020-11-26 20:46:47.052+0800] [main] INFO  o.s.s.c.ThreadPoolTaskScheduler [181]- Initializing ExecutorService 'taskScheduler'
[2020-11-26 20:46:47.094+0800] [main] INFO  o.a.coyote.http11.Http11NioProtocol [173]- Starting ProtocolHandler ["http-nio-8081"]
[2020-11-26 20:46:47.140+0800] [main] INFO  o.s.b.w.e.tomcat.TomcatWebServer [220]- Tomcat started on port(s): 8081 (http) with context path ''
[2020-11-26 20:46:47.157+0800] [main] INFO  c.example.library.LibraryApplication [61]- Started LibraryApplication in 4.666 seconds (JVM running for 5.242)
[2020-11-26 20:46:48.211+0800] [scheduling-1] INFO  com.zaxxer.hikari.HikariDataSource [110]- HikariPool-1 - Starting...
[2020-11-26 20:46:48.447+0800] [scheduling-1] INFO  com.zaxxer.hikari.HikariDataSource [123]- HikariPool-1 - Start completed.
[2020-11-26 20:46:48.470+0800] [scheduling-1] INFO  c.e.library.service.ScheduledTask [29]- 2020-11-26T20:46:48.470Ê∏ÖÁêÜÂÉµÂ∞∏Ë¥¶Êà∑0‰∏™
[2020-11-26 20:54:31.327+0800] [http-nio-8081-exec-3] INFO  o.a.c.c.C.[Tomcat].[localhost].[/] [173]- Initializing Spring DispatcherServlet 'dispatcherServlet'
[2020-11-26 20:54:31.328+0800] [http-nio-8081-exec-3] INFO  o.s.web.servlet.DispatcherServlet [525]- Initializing Servlet 'dispatcherServlet'
[2020-11-26 20:54:31.330+0800] [http-nio-8081-exec-3] INFO  o.s.web.servlet.DispatcherServlet [547]- Completed initialization in 2 ms
[2020-11-26 20:55:26.737+0800] [http-nio-8081-exec-5] INFO  c.e.library.service.MailService [40]- ÈÇÆ‰ª∂Â∑≤ÁªèÂèëÈÄÅ„ÄÇ
[2020-11-26 21:00:34.972+0800] [http-nio-8081-exec-2] INFO  c.e.library.service.MailService [40]- ÈÇÆ‰ª∂Â∑≤ÁªèÂèëÈÄÅ„ÄÇ
[2020-11-26 21:04:30.007+0800] [http-nio-8081-exec-7] INFO  c.e.library.service.MailService [40]- ÈÇÆ‰ª∂Â∑≤ÁªèÂèëÈÄÅ„ÄÇ
[2020-11-26 21:05:31.914+0800] [http-nio-8081-exec-9] WARN  o.s.w.s.m.s.DefaultHandlerExceptionResolver [207]- Resolved [org.springframework.web.HttpRequestMethodNotSupportedException: Request method 'GET' not supported]
[2020-11-26 21:07:35.571+0800] [http-nio-8081-exec-4] ERROR c.e.l.controller.UserController [79]- callback get login error,com.example.library.beans.User@2afb4abc
[2020-11-26 21:09:01.478+0800] [http-nio-8081-exec-8] INFO  c.e.library.service.MailService [40]- ÈÇÆ‰ª∂Â∑≤ÁªèÂèëÈÄÅ„ÄÇ
[2020-11-26 21:09:57.659+0800] [http-nio-8081-exec-3] INFO  c.e.library.service.MailService [40]- ÈÇÆ‰ª∂Â∑≤ÁªèÂèëÈÄÅ„ÄÇ
[2020-11-26 21:10:35.852+0800] [http-nio-8081-exec-4] ERROR c.e.l.controller.UserController [79]- callback get login error,com.example.library.beans.User@3ef1e84e
[2020-11-26 21:27:38.097+0800] [http-nio-8081-exec-6] ERROR o.a.c.c.C.[.[.[.[dispatcherServlet] [175]- Servlet.service() for servlet [dispatcherServlet] in context with path [] threw exception [Request processing failed; nested exception is com.alibaba.fastjson.JSONException: parseInt error, field : page] with root cause
com.alibaba.fastjson.JSONException: can not cast to int, value : {"page":6}
	at com.alibaba.fastjson.util.TypeUtils.castToInt(TypeUtils.java:829)
	at com.alibaba.fastjson.serializer.IntegerCodec.deserialze(IntegerCodec.java:90)
	at com.alibaba.fastjson.parser.deserializer.DefaultFieldDeserializer.parseField(DefaultFieldDeserializer.java:85)
	at com.alibaba.fastjson.parser.deserializer.JavaBeanDeserializer.parseField(JavaBeanDeserializer.java:1224)
	at com.alibaba.fastjson.parser.deserializer.JavaBeanDeserializer.deserialze(JavaBeanDeserializer.java:850)
	at com.alibaba.fastjson.parser.deserializer.JavaBeanDeserializer.parseRest(JavaBeanDeserializer.java:1519)
	at com.alibaba.fastjson.parser.deserializer.FastjsonASMDeserializer_2_HistoryQueryWithPage.deserialze(Unknown Source)
	at com.alibaba.fastjson.parser.deserializer.JavaBeanDeserializer.deserialze(JavaBeanDeserializer.java:284)
	at com.alibaba.fastjson.parser.DefaultJSONParser.parseObject(DefaultJSONParser.java:689)
	at com.alibaba.fastjson.JSON.parseObject(JSON.java:369)
	at com.alibaba.fastjson.JSON.parseObject(JSON.java:273)
	at com.alibaba.fastjson.JSON.parseObject(JSON.java:546)
	at com.example.library.controller.BorrowBooksController.getAllBook(BorrowBooksController.java:72)
	at sun.reflect.GeneratedMethodAccessor142.invoke(Unknown Source)
	at sun.reflect.DelegatingMethodAccessorImpl.invoke(DelegatingMethodAccessorImpl.java:43)
	at java.lang.reflect.Method.invoke(Method.java:498)
	at org.springframework.web.method.support.InvocableHandlerMethod.doInvoke(InvocableHandlerMethod.java:197)
	at org.springframework.web.method.support.InvocableHandlerMethod.invokeForRequest(InvocableHandlerMethod.java:141)
	at org.springframework.web.servlet.mvc.method.annotation.ServletInvocableHandlerMethod.invokeAndHandle(ServletInvocableHandlerMethod.java:106)
	at org.springframework.web.servlet.mvc.method.annotation.RequestMappingHandlerAdapter.invokeHandlerMethod(RequestMappingHandlerAdapter.java:893)
	at org.springframework.web.servlet.mvc.method.annotation.RequestMappingHandlerAdapter.handleInternal(RequestMappingHandlerAdapter.java:807)
	at org.springframework.web.servlet.mvc.method.AbstractHandlerMethodAdapter.handle(AbstractHandlerMethodAdapter.java:87)
	at org.springframework.web.servlet.DispatcherServlet.doDispatch(DispatcherServlet.java:1061)
	at org.springframework.web.servlet.DispatcherServlet.doService(DispatcherServlet.java:961)
	at org.springframework.web.servlet.FrameworkServlet.processRequest(FrameworkServlet.java:1006)
	at org.springframework.web.servlet.FrameworkServlet.doPost(FrameworkServlet.java:909)
	at javax.servlet.http.HttpServlet.service(HttpServlet.java:652)
	at org.springframework.web.servlet.FrameworkServlet.service(FrameworkServlet.java:883)
	at javax.servlet.http.HttpServlet.service(HttpServlet.java:733)
	at org.apache.catalina.core.ApplicationFilterChain.internalDoFilter(ApplicationFilterChain.java:231)
	at org.apache.catalina.core.ApplicationFilterChain.doFilter(ApplicationFilterChain.java:166)
	at org.apache.tomcat.websocket.server.WsFilter.doFilter(WsFilter.java:53)
	at org.apache.catalina.core.ApplicationFilterChain.internalDoFilter(ApplicationFilterChain.java:193)
	at org.apache.catalina.core.ApplicationFilterChain.doFilter(ApplicationFilterChain.java:166)
	at org.springframework.web.filter.RequestContextFilter.doFilterInternal(RequestContextFilter.java:100)
	at org.springframework.web.filter.OncePerRequestFilter.doFilter(OncePerRequestFilter.java:119)
	at org.apache.catalina.core.ApplicationFilterChain.internalDoFilter(ApplicationFilterChain.java:193)
	at org.apache.catalina.core.ApplicationFilterChain.doFilter(ApplicationFilterChain.java:166)
	at org.springframework.web.filter.FormContentFilter.doFilterInternal(FormContentFilter.java:93)
	at org.springframework.web.filter.OncePerRequestFilter.doFilter(OncePerRequestFilter.java:119)
	at org.apache.catalina.core.ApplicationFilterChain.internalDoFilter(ApplicationFilterChain.java:193)
	at org.apache.catalina.core.ApplicationFilterChain.doFilter(ApplicationFilterChain.java:166)
	at org.springframework.web.filter.CharacterEncodingFilter.doFilterInternal(CharacterEncodingFilter.java:201)
	at org.springframework.web.filter.OncePerRequestFilter.doFilter(OncePerRequestFilter.java:119)
	at org.apache.catalina.core.ApplicationFilterChain.internalDoFilter(ApplicationFilterChain.java:193)
	at org.apache.catalina.core.ApplicationFilterChain.doFilter(ApplicationFilterChain.java:166)
	at org.apache.catalina.core.StandardWrapperValve.invoke(StandardWrapperValve.java:202)
	at org.apache.catalina.core.StandardContextValve.invoke(StandardContextValve.java:97)
	at org.apache.catalina.authenticator.AuthenticatorBase.invoke(AuthenticatorBase.java:542)
	at org.apache.catalina.core.StandardHostValve.invoke(StandardHostValve.java:143)
	at org.apache.catalina.valves.ErrorReportValve.invoke(ErrorReportValve.java:92)
	at org.apache.catalina.core.StandardEngineValve.invoke(StandardEngineValve.java:78)
	at org.apache.catalina.connector.CoyoteAdapter.service(CoyoteAdapter.java:343)
	at org.apache.coyote.http11.Http11Processor.service(Http11Processor.java:374)
	at org.apache.coyote.AbstractProcessorLight.process(AbstractProcessorLight.java:65)
	at org.apache.coyote.AbstractProtocol$ConnectionHandler.process(AbstractProtocol.java:868)
	at org.apache.tomcat.util.net.NioEndpoint$SocketProcessor.doRun(NioEndpoint.java:1590)
	at org.apache.tomcat.util.net.SocketProcessorBase.run(SocketProcessorBase.java:49)
	at java.util.concurrent.ThreadPoolExecutor.runWorker(ThreadPoolExecutor.java:1149)
	at java.util.concurrent.ThreadPoolExecutor$Worker.run(ThreadPoolExecutor.java:624)
	at org.apache.tomcat.util.threads.TaskThread$WrappingRunnable.run(TaskThread.java:61)
	at java.lang.Thread.run(Thread.java:748)
[2020-11-26 21:28:50.590+0800] [http-nio-8081-exec-2] ERROR c.e.l.controller.UserController [79]- callback get login error,com.example.library.beans.User@3c18430e
[2020-11-26 21:33:27.931+0800] [http-nio-8081-exec-6] ERROR c.e.l.controller.UserController [79]- callback get login error,com.example.library.beans.User@3ec98c43
[2020-11-26 21:33:41.315+0800] [http-nio-8081-exec-8] ERROR c.e.l.controller.UserController [79]- callback get login error,com.example.library.beans.User@b1261d6
[2020-11-26 21:38:19.502+0800] [http-nio-8081-exec-7] ERROR o.a.c.c.C.[.[.[.[dispatcherServlet] [175]- Servlet.service() for servlet [dispatcherServlet] in context with path [] threw exception [Request processing failed; nested exception is com.alibaba.fastjson.JSONException: parseInt error, field : page] with root cause
com.alibaba.fastjson.JSONException: can not cast to int, value : {}
	at com.alibaba.fastjson.util.TypeUtils.castToInt(TypeUtils.java:829)
	at com.alibaba.fastjson.serializer.IntegerCodec.deserialze(IntegerCodec.java:90)
	at com.alibaba.fastjson.parser.deserializer.DefaultFieldDeserializer.parseField(DefaultFieldDeserializer.java:85)
	at com.alibaba.fastjson.parser.deserializer.JavaBeanDeserializer.parseField(JavaBeanDeserializer.java:1224)
	at com.alibaba.fastjson.parser.deserializer.JavaBeanDeserializer.deserialze(JavaBeanDeserializer.java:850)
	at com.alibaba.fastjson.parser.deserializer.JavaBeanDeserializer.parseRest(JavaBeanDeserializer.java:1519)
	at com.alibaba.fastjson.parser.deserializer.FastjsonASMDeserializer_2_HistoryQueryWithPage.deserialze(Unknown Source)
	at com.alibaba.fastjson.parser.deserializer.JavaBeanDeserializer.deserialze(JavaBeanDeserializer.java:284)
	at com.alibaba.fastjson.parser.DefaultJSONParser.parseObject(DefaultJSONParser.java:689)
	at com.alibaba.fastjson.JSON.parseObject(JSON.java:369)
	at com.alibaba.fastjson.JSON.parseObject(JSON.java:273)
	at com.alibaba.fastjson.JSON.parseObject(JSON.java:546)
	at com.example.library.controller.BorrowBooksController.getAllBook(BorrowBooksController.java:72)
	at sun.reflect.GeneratedMethodAccessor142.invoke(Unknown Source)
	at sun.reflect.DelegatingMethodAccessorImpl.invoke(DelegatingMethodAccessorImpl.java:43)
	at java.lang.reflect.Method.invoke(Method.java:498)
	at org.springframework.web.method.support.InvocableHandlerMethod.doInvoke(InvocableHandlerMethod.java:197)
	at org.springframework.web.method.support.InvocableHandlerMethod.invokeForRequest(InvocableHandlerMethod.java:141)
	at org.springframework.web.servlet.mvc.method.annotation.ServletInvocableHandlerMethod.invokeAndHandle(ServletInvocableHandlerMethod.java:106)
	at org.springframework.web.servlet.mvc.method.annotation.RequestMappingHandlerAdapter.invokeHandlerMethod(RequestMappingHandlerAdapter.java:893)
	at org.springframework.web.servlet.mvc.method.annotation.RequestMappingHandlerAdapter.handleInternal(RequestMappingHandlerAdapter.java:807)
	at org.springframework.web.servlet.mvc.method.AbstractHandlerMethodAdapter.handle(AbstractHandlerMethodAdapter.java:87)
	at org.springframework.web.servlet.DispatcherServlet.doDispatch(DispatcherServlet.java:1061)
	at org.springframework.web.servlet.DispatcherServlet.doService(DispatcherServlet.java:961)
	at org.springframework.web.servlet.FrameworkServlet.processRequest(FrameworkServlet.java:1006)
	at org.springframework.web.servlet.FrameworkServlet.doPost(FrameworkServlet.java:909)
	at javax.servlet.http.HttpServlet.service(HttpServlet.java:652)
	at org.springframework.web.servlet.FrameworkServlet.service(FrameworkServlet.java:883)
	at javax.servlet.http.HttpServlet.service(HttpServlet.java:733)
	at org.apache.catalina.core.ApplicationFilterChain.internalDoFilter(ApplicationFilterChain.java:231)
	at org.apache.catalina.core.ApplicationFilterChain.doFilter(ApplicationFilterChain.java:166)
	at org.apache.tomcat.websocket.server.WsFilter.doFilter(WsFilter.java:53)
	at org.apache.catalina.core.ApplicationFilterChain.internalDoFilter(ApplicationFilterChain.java:193)
	at org.apache.catalina.core.ApplicationFilterChain.doFilter(ApplicationFilterChain.java:166)
	at org.springframework.web.filter.RequestContextFilter.doFilterInternal(RequestContextFilter.java:100)
	at org.springframework.web.filter.OncePerRequestFilter.doFilter(OncePerRequestFilter.java:119)
	at org.apache.catalina.core.ApplicationFilterChain.internalDoFilter(ApplicationFilterChain.java:193)
	at org.apache.catalina.core.ApplicationFilterChain.doFilter(ApplicationFilterChain.java:166)
	at org.springframework.web.filter.FormContentFilter.doFilterInternal(FormContentFilter.java:93)
	at org.springframework.web.filter.OncePerRequestFilter.doFilter(OncePerRequestFilter.java:119)
	at org.apache.catalina.core.ApplicationFilterChain.internalDoFilter(ApplicationFilterChain.java:193)
	at org.apache.catalina.core.ApplicationFilterChain.doFilter(ApplicationFilterChain.java:166)
	at org.springframework.web.filter.CharacterEncodingFilter.doFilterInternal(CharacterEncodingFilter.java:201)
	at org.springframework.web.filter.OncePerRequestFilter.doFilter(OncePerRequestFilter.java:119)
	at org.apache.catalina.core.ApplicationFilterChain.internalDoFilter(ApplicationFilterChain.java:193)
	at org.apache.catalina.core.ApplicationFilterChain.doFilter(ApplicationFilterChain.java:166)
	at org.apache.catalina.core.StandardWrapperValve.invoke(StandardWrapperValve.java:202)
	at org.apache.catalina.core.StandardContextValve.invoke(StandardContextValve.java:97)
	at org.apache.catalina.authenticator.AuthenticatorBase.invoke(AuthenticatorBase.java:542)
	at org.apache.catalina.core.StandardHostValve.invoke(StandardHostValve.java:143)
	at org.apache.catalina.valves.ErrorReportValve.invoke(ErrorReportValve.java:92)
	at org.apache.catalina.core.StandardEngineValve.invoke(StandardEngineValve.java:78)
	at org.apache.catalina.connector.CoyoteAdapter.service(CoyoteAdapter.java:343)
	at org.apache.coyote.http11.Http11Processor.service(Http11Processor.java:374)
	at org.apache.coyote.AbstractProcessorLight.process(AbstractProcessorLight.java:65)
	at org.apache.coyote.AbstractProtocol$ConnectionHandler.process(AbstractProtocol.java:868)
	at org.apache.tomcat.util.net.NioEndpoint$SocketProcessor.doRun(NioEndpoint.java:1590)
	at org.apache.tomcat.util.net.SocketProcessorBase.run(SocketProcessorBase.java:49)
	at java.util.concurrent.ThreadPoolExecutor.runWorker(ThreadPoolExecutor.java:1149)
	at java.util.concurrent.ThreadPoolExecutor$Worker.run(ThreadPoolExecutor.java:624)
	at org.apache.tomcat.util.threads.TaskThread$WrappingRunnable.run(TaskThread.java:61)
	at java.lang.Thread.run(Thread.java:748)
[2020-11-26 21:50:34.374+0800] [http-nio-8081-exec-1] ERROR c.e.l.controller.UserController [79]- callback get login error,com.example.library.beans.User@572ef959
[2020-11-26 21:50:43.208+0800] [http-nio-8081-exec-3] ERROR c.e.l.controller.UserController [79]- callback get login error,com.example.library.beans.User@7a249448
[2020-11-26 21:51:21.703+0800] [http-nio-8081-exec-4] ERROR c.e.l.controller.UserController [79]- callback get login error,com.example.library.beans.User@247c9783
[2020-11-26 21:51:28.839+0800] [http-nio-8081-exec-5] ERROR c.e.l.controller.UserController [79]- callback get login error,com.example.library.beans.User@58adcacb
